# JRE version: OpenJDK Runtime Environment (21.0.8) (build 21.0.8+-14196175-b1038.72)
# Java VM: OpenJDK 64-Bit Server VM (21.0.8+-14196175-b1038.72, mixed mode, tiered, compressed oops, compressed class ptrs, g1 gc, windows-amd64)
GC Precious Log:
 CardTable entry size: 512
 Card Set container configuration: InlinePtr #cards 4 size 8 Array Of Cards #cards 16 size 48 Howl #buckets 8 coarsen threshold 3686 Howl Bitmap #cards 512 size 80 coarsen threshold 460 Card regions per heap region 1 cards per card region 4096
 CPUs: 4 total, 4 available
 Memory: 3975M
 Large Page Support: Disabled
 NUMA Support: Disabled
 Compressed Oops: Enabled (Zero based)
 Heap Region Size: 2M
 Heap Min Capacity: 8M
 Heap Initial Capacity: 64M
 Heap Max Capacity: 4G
 Pre-touch: Disabled
 Parallel Workers: 4
 Concurrent Workers: 1
 Concurrent Refinement Workers: 4
 Periodic GC: Disabled
Heap:
 garbage-first heap   total 614400K, used 325237K [0x0000000700000000, 0x0000000800000000)
  region size 2048K, 8 young (16384K), 2 survivors (4096K)
 Metaspace       used 244231K, committed 247296K, reserved 1310720K
  class space    used 32166K, committed 33664K, reserved 1048576K
GC Heap History (20 events):
Event: 611.507 GC heap before
{Heap before GC invocations=75 (full 0):
 garbage-first heap   total 448512K, used 350337K [0x0000000700000000, 0x0000000800000000)
  region size 2048K, 34 young (69632K), 2 survivors (4096K)
 Metaspace       used 222304K, committed 225344K, reserved 1245184K
  class space    used 28975K, committed 30464K, reserved 1048576K
}
Event: 611.590 GC heap after
{Heap after GC invocations=76 (full 0):
 garbage-first heap   total 448512K, used 294225K [0x0000000700000000, 0x0000000800000000)
  region size 2048K, 5 young (10240K), 5 survivors (10240K)
 Metaspace       used 222304K, committed 225344K, reserved 1245184K
  class space    used 28975K, committed 30464K, reserved 1048576K
}
Event: 613.060 GC heap before
{Heap before GC invocations=76 (full 0):
 garbage-first heap   total 448512K, used 337233K [0x0000000700000000, 0x0000000800000000)
  region size 2048K, 27 young (55296K), 5 survivors (10240K)
 Metaspace       used 223831K, committed 226816K, reserved 1245184K
  class space    used 29164K, committed 30592K, reserved 1048576K
}
Event: 613.141 GC heap after
{Heap after GC invocations=77 (full 0):
 garbage-first heap   total 448512K, used 305723K [0x0000000700000000, 0x0000000800000000)
  region size 2048K, 4 young (8192K), 4 survivors (8192K)
 Metaspace       used 223831K, committed 226816K, reserved 1245184K
  class space    used 29164K, committed 30592K, reserved 1048576K
}
Event: 617.079 GC heap before
{Heap before GC invocations=78 (full 0):
 garbage-first heap   total 512000K, used 346683K [0x0000000700000000, 0x0000000800000000)
  region size 2048K, 24 young (49152K), 4 survivors (8192K)
 Metaspace       used 225285K, committed 228224K, reserved 1310720K
  class space    used 29304K, committed 30720K, reserved 1048576K
}
Event: 617.107 GC heap after
{Heap after GC invocations=79 (full 0):
 garbage-first heap   total 512000K, used 307597K [0x0000000700000000, 0x0000000800000000)
  region size 2048K, 3 young (6144K), 3 survivors (6144K)
 Metaspace       used 225285K, committed 228224K, reserved 1310720K
  class space    used 29304K, committed 30720K, reserved 1048576K
}
Event: 622.895 GC heap before
{Heap before GC invocations=79 (full 0):
 garbage-first heap   total 512000K, used 352653K [0x0000000700000000, 0x0000000800000000)
  region size 2048K, 26 young (53248K), 3 survivors (6144K)
 Metaspace       used 225394K, committed 228288K, reserved 1310720K
  class space    used 29315K, committed 30720K, reserved 1048576K
}
Event: 622.929 GC heap after
{Heap after GC invocations=80 (full 0):
 garbage-first heap   total 512000K, used 308702K [0x0000000700000000, 0x0000000800000000)
  region size 2048K, 4 young (8192K), 4 survivors (8192K)
 Metaspace       used 225394K, committed 228288K, reserved 1310720K
  class space    used 29315K, committed 30720K, reserved 1048576K
}
Event: 631.038 GC heap before
{Heap before GC invocations=80 (full 0):
 garbage-first heap   total 512000K, used 355806K [0x0000000700000000, 0x0000000800000000)
  region size 2048K, 28 young (57344K), 4 survivors (8192K)
 Metaspace       used 225872K, committed 228928K, reserved 1310720K
  class space    used 29396K, committed 30848K, reserved 1048576K
}
Event: 631.076 GC heap after
{Heap after GC invocations=81 (full 0):
 garbage-first heap   total 512000K, used 308699K [0x0000000700000000, 0x0000000800000000)
  region size 2048K, 3 young (6144K), 3 survivors (6144K)
 Metaspace       used 225872K, committed 228928K, reserved 1310720K
  class space    used 29396K, committed 30848K, reserved 1048576K
}
Event: 634.141 GC heap before
{Heap before GC invocations=81 (full 0):
 garbage-first heap   total 512000K, used 386523K [0x0000000700000000, 0x0000000800000000)
  region size 2048K, 42 young (86016K), 3 survivors (6144K)
 Metaspace       used 236583K, committed 239680K, reserved 1310720K
  class space    used 30979K, committed 32512K, reserved 1048576K
}
Event: 634.189 GC heap after
{Heap after GC invocations=82 (full 0):
 garbage-first heap   total 512000K, used 309796K [0x0000000700000000, 0x0000000800000000)
  region size 2048K, 4 young (8192K), 4 survivors (8192K)
 Metaspace       used 236583K, committed 239680K, reserved 1310720K
  class space    used 30979K, committed 32512K, reserved 1048576K
}
Event: 643.198 GC heap before
{Heap before GC invocations=82 (full 0):
 garbage-first heap   total 512000K, used 426532K [0x0000000700000000, 0x0000000800000000)
  region size 2048K, 48 young (98304K), 4 survivors (8192K)
 Metaspace       used 243860K, committed 246912K, reserved 1310720K
  class space    used 32184K, committed 33664K, reserved 1048576K
}
Event: 643.249 GC heap after
{Heap after GC invocations=83 (full 0):
 garbage-first heap   total 614400K, used 311144K [0x0000000700000000, 0x0000000800000000)
  region size 2048K, 5 young (10240K), 5 survivors (10240K)
 Metaspace       used 243860K, committed 246912K, reserved 1310720K
  class space    used 32184K, committed 33664K, reserved 1048576K
}
Event: 1034.978 GC heap before
{Heap before GC invocations=83 (full 0):
 garbage-first heap   total 614400K, used 438120K [0x0000000700000000, 0x0000000800000000)
  region size 2048K, 67 young (137216K), 5 survivors (10240K)
 Metaspace       used 244216K, committed 247232K, reserved 1310720K
  class space    used 32189K, committed 33664K, reserved 1048576K
}
Event: 1035.651 GC heap after
{Heap after GC invocations=84 (full 0):
 garbage-first heap   total 614400K, used 321052K [0x0000000700000000, 0x0000000800000000)
  region size 2048K, 9 young (18432K), 9 survivors (18432K)
 Metaspace       used 244216K, committed 247232K, reserved 1310720K
  class space    used 32189K, committed 33664K, reserved 1048576K
}
Event: 1317.988 GC heap before
{Heap before GC invocations=84 (full 0):
 garbage-first heap   total 614400K, used 372252K [0x0000000700000000, 0x0000000800000000)
  region size 2048K, 34 young (69632K), 9 survivors (18432K)
 Metaspace       used 244444K, committed 247488K, reserved 1310720K
  class space    used 32189K, committed 33664K, reserved 1048576K
}
Event: 1318.676 GC heap after
{Heap after GC invocations=85 (full 0):
 garbage-first heap   total 614400K, used 315060K [0x0000000700000000, 0x0000000800000000)
  region size 2048K, 2 young (4096K), 2 survivors (4096K)
 Metaspace       used 244444K, committed 247488K, reserved 1310720K
  class space    used 32189K, committed 33664K, reserved 1048576K
}
Event: 1355.078 GC heap before
{Heap before GC invocations=86 (full 0):
 garbage-first heap   total 614400K, used 341684K [0x0000000700000000, 0x0000000800000000)
  region size 2048K, 15 young (30720K), 2 survivors (4096K)
 Metaspace       used 244228K, committed 247296K, reserved 1310720K
  class space    used 32166K, committed 33664K, reserved 1048576K
}
Event: 1355.222 GC heap after
{Heap after GC invocations=87 (full 0):
 garbage-first heap   total 614400K, used 314997K [0x0000000700000000, 0x0000000800000000)
  region size 2048K, 2 young (4096K), 2 survivors (4096K)
 Metaspace       used 244228K, committed 247296K, reserved 1310720K
  class space    used 32166K, committed 33664K, reserved 1048576K
}

